[ 2020-02-04T20:35:02+08:00 ] ::1 /
INFO: [ app_init ] --START--
INFO: Run Behavior\BuildLiteBehavior [ RunTime:0.000018s ]
INFO: [ app_init ] --END-- [ RunTime:0.007242s ]
INFO: [ app_begin ] --START--
INFO: Run Behavior\ReadHtmlCacheBehavior [ RunTime:0.008714s ]
INFO: [ app_begin ] --END-- [ RunTime:0.008757s ]
INFO: [ view_parse ] --START--
INFO: [ template_filter ] --START--
INFO: Run Behavior\ContentReplaceBehavior [ RunTime:0.001093s ]
INFO: [ template_filter ] --END-- [ RunTime:0.001139s ]
INFO: Run Behavior\ParseTemplateBehavior [ RunTime:0.053526s ]
INFO: [ view_parse ] --END-- [ RunTime:0.053576s ]
INFO: [ view_filter ] --START--
INFO: Run Behavior\WriteHtmlCacheBehavior [ RunTime:0.006193s ]
INFO: [ view_filter ] --END-- [ RunTime:0.006227s ]
INFO: [ app_end ] --START--
INFO: Run Behavior\ShowPageTraceBehavior [ RunTime:0.008377s ]
INFO: [ app_end ] --END-- [ RunTime:0.008409s ]

[ 2020-02-04T20:35:13+08:00 ] ::1 /home/queue/list
INFO: [ app_init ] --START--
INFO: Run Behavior\BuildLiteBehavior [ RunTime:0.000010s ]
INFO: [ app_init ] --END-- [ RunTime:0.001651s ]
INFO: [ app_begin ] --START--
INFO: Run Behavior\ReadHtmlCacheBehavior [ RunTime:0.001641s ]
INFO: [ app_begin ] --END-- [ RunTime:0.001676s ]
SQL: SHOW COLUMNS FROM `queue` [ RunTime:0.0255s ]
NOTIC: [8] Undefined index: p E:\ckpd\Application\Home\Controller\QueueController.class.php 第 36 行.
NOTIC: [8] Undefined index: limit E:\ckpd\ThinkPHP\Library\Think\Db\Driver.class.php 第 961 行.
SQL: SELECT * FROM `queue` WHERE ( states <> 2 ) ORDER BY states desc, priority desc, expedited_at asc, queued_at asc LIMIT 0,20   [ RunTime:0.0039s ]
SQL: SELECT COUNT(*) AS tp_count FROM `queue` WHERE ( states <> 2 ) LIMIT 1   [ RunTime:0.0019s ]
INFO: [ view_parse ] --START--
INFO: [ template_filter ] --START--
INFO: Run Behavior\ContentReplaceBehavior [ RunTime:0.000433s ]
INFO: [ template_filter ] --END-- [ RunTime:0.000474s ]
INFO: Run Behavior\ParseTemplateBehavior [ RunTime:0.031837s ]
INFO: [ view_parse ] --END-- [ RunTime:0.031885s ]
INFO: [ view_filter ] --START--
INFO: Run Behavior\WriteHtmlCacheBehavior [ RunTime:0.001555s ]
INFO: [ view_filter ] --END-- [ RunTime:0.001597s ]
INFO: [ app_end ] --START--
INFO: Run Behavior\ShowPageTraceBehavior [ RunTime:0.001798s ]
INFO: [ app_end ] --END-- [ RunTime:0.001828s ]

[ 2020-02-04T20:51:45+08:00 ] ::1 /home/queue
INFO: [ app_init ] --START--
INFO: Run Behavior\BuildLiteBehavior [ RunTime:0.000011s ]
INFO: [ app_init ] --END-- [ RunTime:0.001343s ]
INFO: [ app_begin ] --START--
INFO: Run Behavior\ReadHtmlCacheBehavior [ RunTime:0.001481s ]
INFO: [ app_begin ] --END-- [ RunTime:0.001519s ]
INFO: [ view_parse ] --START--
INFO: [ template_filter ] --START--
INFO: Run Behavior\ContentReplaceBehavior [ RunTime:0.000037s ]
INFO: [ template_filter ] --END-- [ RunTime:0.000076s ]
INFO: Run Behavior\ParseTemplateBehavior [ RunTime:0.026970s ]
INFO: [ view_parse ] --END-- [ RunTime:0.027013s ]
INFO: [ view_filter ] --START--
INFO: Run Behavior\WriteHtmlCacheBehavior [ RunTime:0.001230s ]
INFO: [ view_filter ] --END-- [ RunTime:0.001259s ]
INFO: [ app_end ] --START--
INFO: Run Behavior\ShowPageTraceBehavior [ RunTime:0.001472s ]
INFO: [ app_end ] --END-- [ RunTime:0.001500s ]

[ 2020-02-04T20:51:45+08:00 ] ::1 /home/queue/qrcode
INFO: [ app_init ] --START--
INFO: Run Behavior\BuildLiteBehavior [ RunTime:0.000010s ]
INFO: [ app_init ] --END-- [ RunTime:0.001019s ]
INFO: [ app_begin ] --START--
INFO: Run Behavior\ReadHtmlCacheBehavior [ RunTime:0.001155s ]
INFO: [ app_begin ] --END-- [ RunTime:0.001194s ]
INFO: [ app_end ] --START--
INFO: Run Behavior\ShowPageTraceBehavior [ RunTime:0.001331s ]
INFO: [ app_end ] --END-- [ RunTime:0.001386s ]

[ 2020-02-04T20:51:46+08:00 ] ::1 /Home/Queue/GetQueueList
INFO: [ app_init ] --START--
INFO: Run Behavior\BuildLiteBehavior [ RunTime:0.000009s ]
INFO: [ app_init ] --END-- [ RunTime:0.000897s ]
INFO: [ app_begin ] --START--
INFO: Run Behavior\ReadHtmlCacheBehavior [ RunTime:0.001052s ]
INFO: [ app_begin ] --END-- [ RunTime:0.001081s ]
SQL: SHOW COLUMNS FROM `queue` [ RunTime:0.0023s ]
SQL: SELECT * FROM `queue` WHERE ( states <> 2 ) ORDER BY states desc, priority desc, expedited_at asc, queued_at asc  [ RunTime:0.0007s ]

[ 2020-02-04T20:52:15+08:00 ] ::1 /Home/Queue/GetQueueList
INFO: [ app_init ] --START--
INFO: Run Behavior\BuildLiteBehavior [ RunTime:0.000009s ]
INFO: [ app_init ] --END-- [ RunTime:0.001009s ]
INFO: [ app_begin ] --START--
INFO: Run Behavior\ReadHtmlCacheBehavior [ RunTime:0.001105s ]
INFO: [ app_begin ] --END-- [ RunTime:0.001136s ]
SQL: SHOW COLUMNS FROM `queue` [ RunTime:0.0024s ]
SQL: SELECT * FROM `queue` WHERE ( states <> 2 ) ORDER BY states desc, priority desc, expedited_at asc, queued_at asc  [ RunTime:0.0007s ]

[ 2020-02-04T20:52:45+08:00 ] ::1 /Home/Queue/GetQueueList
INFO: [ app_init ] --START--
INFO: Run Behavior\BuildLiteBehavior [ RunTime:0.000048s ]
INFO: [ app_init ] --END-- [ RunTime:0.001468s ]
INFO: [ app_begin ] --START--
INFO: Run Behavior\ReadHtmlCacheBehavior [ RunTime:0.001140s ]
INFO: [ app_begin ] --END-- [ RunTime:0.001171s ]
SQL: SHOW COLUMNS FROM `queue` [ RunTime:0.0026s ]
SQL: SELECT * FROM `queue` WHERE ( states <> 2 ) ORDER BY states desc, priority desc, expedited_at asc, queued_at asc  [ RunTime:0.0006s ]

